<?xml version="1.0" encoding="UTF-8"?>
<testng-results total="1" passed="1" failed="0" skipped="0">
  <reporter-output>
  </reporter-output>
  <suite started-at="2022-11-18T18:03:14Z" name="Default suite" finished-at="2022-11-18T18:03:21Z" duration-ms="6442">
    <groups>
    </groups>
    <test started-at="2022-11-18T18:03:14Z" name="Default test" finished-at="2022-11-18T18:03:21Z" duration-ms="6442">
      <class name="com.hrms.testscript.TC004">
        <test-method signature="DeleteEmp()[pri:0, instance:com.hrms.testscript.TC004@6221a451]" started-at="2022-11-18T23:33:14Z" name="DeleteEmp" finished-at="2022-11-18T23:33:21Z" duration-ms="6401" status="PASS">
          <reporter-output>
          </reporter-output>
        </test-method> <!-- DeleteEmp -->
      </class> <!-- com.hrms.testscript.TC004 -->
    </test> <!-- Default test -->
  </suite> <!-- Default suite -->
</testng-results>
